<?xml version="1.0" encoding="UTF-8"?>
<!-- Generated by org.testng.reporters.JUnitReportReporter -->
<testsuite hostname="HP" failures="0" tests="1" name="test.Trivago_Test" time="78.984" errors="0" timestamp="2024-01-01T09:45:36 IST" skipped="0">
  <testcase classname="test.Trivago_Test" name="test" time="78.984"/>
</testsuite> <!-- test.Trivago_Test -->
